<?xml version="1.0" encoding="UTF-8"?>
<!-- Generated by org.testng.reporters.JUnitReportReporter -->
<testsuite hostname="BG3NB075" failures="0" tests="4" name="TestngPack.GroupExecution" time="0.047" errors="0" timestamp="2024-02-26T18:39:36 IST" skipped="0">
  <testcase classname="TestngPack.GroupExecution" name="Third" time="0.003"/>
  <testcase classname="TestngPack.GroupExecution" name="First" time="0.037"/>
  <testcase classname="TestngPack.GroupExecution" name="Fourth" time="0.004"/>
  <testcase classname="TestngPack.GroupExecution" name="Second" time="0.003"/>
</testsuite> <!-- TestngPack.GroupExecution -->
