<?xml version="1.0" encoding="UTF-8"?>
<!-- Generated by org.testng.reporters.JUnitReportReporter -->
<testsuite hostname="BG3NB075" failures="0" tests="5" name="TestngPack.DataProviderDemo" time="0.059" errors="0" timestamp="2024-02-26T18:03:19 IST" skipped="0">
  <testcase classname="TestngPack.DataProviderDemo" name="set" time="0.027"/>
  <testcase classname="TestngPack.DataProviderDemo" name="set" time="0.004"/>
  <testcase classname="TestngPack.DataProviderDemo" name="set" time="0.009"/>
  <testcase classname="TestngPack.DataProviderDemo" name="set1" time="0.014"/>
  <testcase classname="TestngPack.DataProviderDemo" name="set1" time="0.005"/>
</testsuite> <!-- TestngPack.DataProviderDemo -->
