<?xml version="1.0" encoding="UTF-8"?>
<!-- Generated by org.testng.reporters.JUnitReportReporter -->
<testsuite hostname="BG3NB075" failures="0" tests="3" name="TestngPack.SkipTestFile" time="0.020" errors="0" timestamp="2024-02-22T22:16:36 IST" skipped="2">
  <testcase classname="TestngPack.SkipTestFile" name="SkipTestTwo" time="0.018">
    <skipped/>
  </testcase> <!-- SkipTestTwo -->
  <testcase classname="TestngPack.SkipTestFile" name="Third" time="0.002"/>
  <testcase classname="TestngPack.SkipTestFile" name="SkipTestOne">
    <skipped/>
  </testcase> <!-- SkipTestOne -->
</testsuite> <!-- TestngPack.SkipTestFile -->
