<?xml version="1.0" encoding="UTF-8"?>
<!-- Generated by org.testng.reporters.JUnitReportReporter -->
<testsuite hostname="BG3NB075" failures="0" tests="3" name="TestngPack.ReportTestDemo" time="0.076" errors="0" timestamp="2024-02-26T23:45:53 IST" skipped="0">
  <testcase classname="TestngPack.ReportTestDemo" name="ReportTest1" time="0.034">
    <system-out>
      <![CDATA[TEST1 LOGS PRINTED]]>
    </system-out>
  </testcase> <!-- ReportTest1 -->
  <testcase classname="TestngPack.ReportTestDemo" name="ReportTest3" time="0.024">
    <system-out>
      <![CDATA[TEST1 LOGS PRINTED]]>
    </system-out>
  </testcase> <!-- ReportTest3 -->
  <testcase classname="TestngPack.ReportTestDemo" name="ReportTest2" time="0.018">
    <system-out>
      <![CDATA[TEST2 LOGS PRINTED]]>
    </system-out>
  </testcase> <!-- ReportTest2 -->
  <system-out>
    <![CDATA[TEST1 LOGS PRINTED
TEST2 LOGS PRINTED
TEST1 LOGS PRINTED]]>
  </system-out>
</testsuite> <!-- TestngPack.ReportTestDemo -->
