<?xml version="1.0" encoding="UTF-8"?>
<!-- Generated by org.testng.reporters.JUnitReportReporter -->
<testsuite hostname="BG3NB075" failures="0" tests="1" name="Common.Hi" time="0.025" errors="0" timestamp="2024-03-04T22:15:46 IST" skipped="0">
  <testcase classname="Common.Hi" name="launch" time="0.025"/>
</testsuite> <!-- Common.Hi -->
