<?xml version="1.0" encoding="UTF-8"?>
<!-- Generated by org.testng.reporters.JUnitReportReporter -->
<testsuite hostname="BG3NB075" failures="0" tests="2" name="TestngPack.FirstTestng" time="0.006" errors="0" timestamp="2024-02-26T18:39:36 IST" skipped="0">
  <testcase classname="TestngPack.FirstTestng" name="Login" time="0.003"/>
  <testcase classname="TestngPack.FirstTestng" name="Logout" time="0.003"/>
</testsuite> <!-- TestngPack.FirstTestng -->
