<?xml version="1.0" encoding="UTF-8"?>
<!-- Generated by org.testng.reporters.JUnitReportReporter -->
<testsuite hostname="BG3NB075" failures="0" tests="1" name="TestngPack.Assertions" time="16.703" errors="0" timestamp="2024-02-13T22:53:14 IST" skipped="0">
  <testcase classname="TestngPack.Assertions" name="TitleTest" time="16.703"/>
</testsuite> <!-- TestngPack.Assertions -->
