<?xml version="1.0" encoding="UTF-8"?>
<!-- Generated by org.testng.reporters.JUnitReportReporter -->
<testsuite hostname="BG3NB075" failures="0" tests="2" name="TestngPack.Annotations" time="0.026" errors="0" timestamp="2024-02-23T22:24:24 IST" skipped="0">
  <testcase classname="TestngPack.Annotations" name="afirsttc" time="0.019"/>
  <testcase classname="TestngPack.Annotations" name="asecondtc" time="0.007"/>
</testsuite> <!-- TestngPack.Annotations -->
